<?xml version="1.0" encoding="UTF-8"?>
<!-- Generated by org.testng.reporters.JUnitXMLReporter -->
<testsuite ignored="1" hostname="LIN-F0P8XC4" failures="0" tests="1" name="Default test" time="22.89" errors="0" timestamp="2026-03-14T16:45:44 IST">
  <testcase classname="com.test.HealthQueriesArticles" name="SearchHealthQueries" time="13.425"/>
  <testcase classname="com.test.HealthQueriesArticles" name="InvalidSearchHealthQueries" time="0.0">
    <ignored/>
  </testcase> <!-- InvalidSearchHealthQueries -->
</testsuite> <!-- Default test -->
