<?xml version="1.0" encoding="UTF-8"?>
<!-- Generated by org.testng.reporters.JUnitXMLReporter -->
<testsuite ignored="0" hostname="LIN-F0P8XC4" failures="1" tests="6" name="Test" time="132.29" errors="0" timestamp="2026-03-14T16:48:08 IST">
  <testcase classname="com.test.VideoConsult" name="VideoConsultToDoctorPayment" time="27.16">
    <failure type="java.lang.AssertionError" message="Success message text mismatch! expected [true] but found [false]">
      <![CDATA[java.lang.AssertionError: Success message text mismatch! expected [true] but found [false]
at com.test.VideoConsult.VideoConsultToDoctorPayment(VideoConsult.java:51)
at java.base/java.util.ArrayList.forEach(ArrayList.java:1511)
... Removed 30 stack frames]]>
    </failure>
  </testcase> <!-- VideoConsultToDoctorPayment -->
  <testcase classname="com.test.HealthQueriesArticles" name="SearchHealthQueries" time="9.682"/>
  <testcase classname="com.test.HealthQueriesArticles" name="InvalidSearchHealthQueries" time="12.375"/>
  <testcase classname="com.test.TagBaseSearch" name="SearchHealthQueries" time="12.804"/>
  <testcase classname="com.test.ProfileSetting" name="NotificationPreferenceChange" time="8.659"/>
  <testcase classname="com.test.ProfileSetting" name="UpdateProfileDetails" time="6.792"/>
</testsuite> <!-- Test -->
