<?xml version="1.0" encoding="UTF-8"?>
<testng-results ignored="0" total="1" passed="1" failed="0" skipped="0">
  <reporter-output>
  </reporter-output>
  <suite started-at="2026-03-16T22:49:58 IST" name="Default suite" finished-at="2026-03-16T22:50:17 IST" duration-ms="19778">
    <groups>
    </groups>
    <test started-at="2026-03-16T22:49:58 IST" name="Default test" finished-at="2026-03-16T22:50:17 IST" duration-ms="19778">
      <class name="com.test.HealthQueriesArticles">
        <test-method is-config="true" signature="setup()[pri:0, instance:com.test.HealthQueriesArticles@6340e5f0]" started-at="2026-03-16T22:49:58 IST" name="setup" finished-at="2026-03-16T22:50:04 IST" duration-ms="6544" status="PASS">
          <reporter-output>
          </reporter-output>
        </test-method> <!-- setup -->
        <test-method signature="InvalidSearchHealthQueries()[pri:2, instance:com.test.HealthQueriesArticles@6340e5f0]" started-at="2026-03-16T22:50:04 IST" name="InvalidSearchHealthQueries" finished-at="2026-03-16T22:50:17 IST" duration-ms="12769" status="PASS">
          <reporter-output>
          </reporter-output>
        </test-method> <!-- InvalidSearchHealthQueries -->
        <test-method is-config="true" signature="closure()[pri:0, instance:com.test.HealthQueriesArticles@6340e5f0]" started-at="2026-03-16T22:50:17 IST" name="closure" finished-at="2026-03-16T22:50:17 IST" duration-ms="425" status="PASS">
          <reporter-output>
          </reporter-output>
        </test-method> <!-- closure -->
      </class> <!-- com.test.HealthQueriesArticles -->
    </test> <!-- Default test -->
  </suite> <!-- Default suite -->
</testng-results>
