<?xml version="1.0" encoding="UTF-8"?>
<!-- Generated by org.testng.reporters.JUnitReportReporter -->
<testsuite hostname="LIN-F0P8XC4" failures="0" tests="2" name="com.test.HealthQueriesArticles" time="38.456" errors="0" timestamp="2026-03-14T16:48:08 IST" skipped="0">
  <testcase classname="com.test.HealthQueriesArticles" name="SearchHealthQueries" time="18.848"/>
  <testcase classname="com.test.HealthQueriesArticles" name="InvalidSearchHealthQueries" time="19.608"/>
</testsuite> <!-- com.test.HealthQueriesArticles -->
