<?xml version="1.0" encoding="UTF-8"?>
<!-- Generated by org.testng.reporters.JUnitReportReporter -->
<testsuite hostname="LIN-F0P8XC4" failures="0" tests="2" name="com.test.ProfileSetting" time="31.612" errors="0" timestamp="2026-03-14T16:48:08 IST" skipped="0">
  <testcase classname="com.test.ProfileSetting" name="NotificationPreferenceChange" time="15.317"/>
  <testcase classname="com.test.ProfileSetting" name="UpdateProfileDetails" time="16.295"/>
</testsuite> <!-- com.test.ProfileSetting -->
