<?xml version="1.0" encoding="UTF-8"?>
<!-- Generated by org.testng.reporters.JUnitXMLReporter -->
<testsuite ignored="0" hostname="LIN-F0P8XC4" failures="2" tests="6" name="ChromeTest" time="150.077" errors="0" timestamp="2026-03-14T16:14:01 IST">
  <testcase classname="com.test.ProfileSetting" name="NotificationPreferenceChange" time="15.672">
    <failure type="org.openqa.selenium.TimeoutException" message="Expected condition failed: waiting for element to have text &amp;quot;Thank&amp;quot;. Current text: &amp;quot;&amp;quot;.
(tried for 10 seconds with 500 milliseconds interval)
Build info: version: &amp;apos;4.40.0&amp;apos;, revision: &amp;apos;b3333f1&amp;apos;
System info: os.name: &amp;apos;Windows 11&amp;apos;, os.arch: &amp;apos;amd64&amp;apos;, os.version: &amp;apos;10.0&amp;apos;, java.version: &amp;apos;17.0.17&amp;apos;
Driver info: org.openqa.selenium.chrome.ChromeDriver
Capabilities {acceptInsecureCerts: false, browserName: chrome, browserVersion: 145.0.7632.160, chrome: {chromedriverVersion: 145.0.7632.117 (de4e5d6e13b..., userDataDir: C:\Users\atmaurya\AppData\L...}, fedcm:accounts: true, goog:chromeOptions: {debuggerAddress: localhost:57529}, goog:processID: 13136, networkConnectionEnabled: false, pageLoadStrategy: normal, platformName: windows, proxy: Proxy(), se:cdp: ws://localhost:57529/devtoo..., se:cdpVersion: 145.0.7632.160, setWindowRect: true, strictFileInteractability: false, timeouts: {implicit: 0, pageLoad: 300000, script: 30000}, unhandledPromptBehavior: dismiss and notify, webauthn:extension:credBlob: true, webauthn:extension:largeBlob: true, webauthn:extension:minPinLength: true, webauthn:extension:prf: true, webauthn:virtualAuthenticators: true}
Session ID: 4d103cc8f1d77f4f6f93b8e792f9730f">
      <![CDATA[org.openqa.selenium.TimeoutException: Expected condition failed: waiting for element to have text "Thank". Current text: "".
(tried for 10 seconds with 500 milliseconds interval)
Build info: version: '4.40.0', revision: 'b3333f1'
System info: os.name: 'Windows 11', os.arch: 'amd64', os.version: '10.0', java.version: '17.0.17'
Driver info: org.openqa.selenium.chrome.ChromeDriver
Capabilities {acceptInsecureCerts: false, browserName: chrome, browserVersion: 145.0.7632.160, chrome: {chromedriverVersion: 145.0.7632.117 (de4e5d6e13b..., userDataDir: C:\Users\atmaurya\AppData\L...}, fedcm:accounts: true, goog:chromeOptions: {debuggerAddress: localhost:57529}, goog:processID: 13136, networkConnectionEnabled: false, pageLoadStrategy: normal, platformName: windows, proxy: Proxy(), se:cdp: ws://localhost:57529/devtoo..., se:cdpVersion: 145.0.7632.160, setWindowRect: true, strictFileInteractability: false, timeouts: {implicit: 0, pageLoad: 300000, script: 30000}, unhandledPromptBehavior: dismiss and notify, webauthn:extension:credBlob: true, webauthn:extension:largeBlob: true, webauthn:extension:minPinLength: true, webauthn:extension:prf: true, webauthn:virtualAuthenticators: true}
Session ID: 4d103cc8f1d77f4f6f93b8e792f9730f
at org.openqa.selenium.support.ui.WebDriverWait.timeoutException(WebDriverWait.java:84)
at org.openqa.selenium.support.ui.FluentWait.until(FluentWait.java:231)
at com.pages.SettingPageNotification.waitForSuccessMessage(SettingPageNotification.java:85)
at com.test.ProfileSetting.NotificationPreferenceChange(ProfileSetting.java:124)
at java.base/java.util.ArrayList.forEach(ArrayList.java:1511)
at java.base/java.util.concurrent.FutureTask.run(FutureTask.java:264)
at java.base/java.util.concurrent.ThreadPoolExecutor.runWorker(ThreadPoolExecutor.java:1136)
at java.base/java.util.concurrent.ThreadPoolExecutor$Worker.run(ThreadPoolExecutor.java:635)
at java.base/java.lang.Thread.run(Thread.java:840)
... Removed 17 stack frames]]>
    </failure>
  </testcase> <!-- NotificationPreferenceChange -->
  <testcase classname="com.test.HealthQueriesArticles" name="SearchHealthQueries" time="9.809"/>
  <testcase classname="com.test.TagBaseSearch" name="SearchHealthQueries" time="13.401"/>
  <testcase classname="com.test.VideoConsult" name="VideoConsultToDoctorPayment" time="27.701">
    <failure type="java.lang.AssertionError" message="Success message text mismatch! expected [true] but found [false]">
      <![CDATA[java.lang.AssertionError: Success message text mismatch! expected [true] but found [false]
at com.test.VideoConsult.VideoConsultToDoctorPayment(VideoConsult.java:51)
at java.base/java.util.ArrayList.forEach(ArrayList.java:1511)
at java.base/java.util.concurrent.FutureTask.run(FutureTask.java:264)
at java.base/java.util.concurrent.ThreadPoolExecutor.runWorker(ThreadPoolExecutor.java:1136)
at java.base/java.util.concurrent.ThreadPoolExecutor$Worker.run(ThreadPoolExecutor.java:635)
at java.base/java.lang.Thread.run(Thread.java:840)
... Removed 20 stack frames]]>
    </failure>
  </testcase> <!-- VideoConsultToDoctorPayment -->
  <testcase classname="com.test.HealthQueriesArticles" name="InvalidSearchHealthQueries" time="9.237"/>
  <testcase classname="com.test.ProfileSetting" name="UpdateProfileDetails" time="8.336"/>
</testsuite> <!-- ChromeTest -->
