<?xml version="1.0" encoding="UTF-8"?>
<!-- Generated by org.testng.reporters.JUnitXMLReporter -->
<testsuite ignored="0" hostname="LIN-F0P8XC4" failures="0" tests="7" name="ChromeTest" time="0.188" errors="0" timestamp="2026-03-16T12:21:30 IST">
  <testcase classname="com.setup.Hooks" name="@BeforeMethod setup" time="0.014">
    <failure type="java.lang.NullPointerException" message="Cannot invoke &amp;quot;org.openqa.selenium.WebDriver.manage()&amp;quot; because &amp;quot;this.driver&amp;quot; is null">
      <![CDATA[java.lang.NullPointerException: Cannot invoke "org.openqa.selenium.WebDriver.manage()" because "this.driver" is null
at com.setup.BaseSteps.openApplication(BaseSteps.java:51)
at com.setup.Hooks.setup(Hooks.java:34)
at java.base/java.util.ArrayList.forEach(ArrayList.java:1511)
at java.base/java.util.concurrent.FutureTask.run(FutureTask.java:264)
at java.base/java.util.concurrent.ThreadPoolExecutor.runWorker(ThreadPoolExecutor.java:1136)
at java.base/java.util.concurrent.ThreadPoolExecutor$Worker.run(ThreadPoolExecutor.java:635)
at java.base/java.lang.Thread.run(Thread.java:840)
... Removed 21 stack frames]]>
    </failure>
  </testcase> <!-- @BeforeMethod setup -->
  <testcase classname="com.setup.Hooks" name="@AfterMethod closure" time="0.0">
    <skipped/>
  </testcase> <!-- @AfterMethod closure -->
  <testcase classname="com.setup.Hooks" name="@BeforeMethod setup" time="0.001">
    <failure type="java.lang.NullPointerException" message="Cannot invoke &amp;quot;org.openqa.selenium.WebDriver.manage()&amp;quot; because &amp;quot;this.driver&amp;quot; is null">
      <![CDATA[java.lang.NullPointerException: Cannot invoke "org.openqa.selenium.WebDriver.manage()" because "this.driver" is null
at com.setup.BaseSteps.openApplication(BaseSteps.java:51)
at com.setup.Hooks.setup(Hooks.java:34)
at java.base/java.util.ArrayList.forEach(ArrayList.java:1511)
at java.base/java.util.concurrent.FutureTask.run(FutureTask.java:264)
at java.base/java.util.concurrent.ThreadPoolExecutor.runWorker(ThreadPoolExecutor.java:1136)
at java.base/java.util.concurrent.ThreadPoolExecutor$Worker.run(ThreadPoolExecutor.java:635)
at java.base/java.lang.Thread.run(Thread.java:840)
... Removed 21 stack frames]]>
    </failure>
  </testcase> <!-- @BeforeMethod setup -->
  <testcase classname="com.setup.Hooks" name="@AfterMethod closure" time="0.0">
    <skipped/>
  </testcase> <!-- @AfterMethod closure -->
  <testcase classname="com.setup.Hooks" name="@BeforeMethod setup" time="0.002">
    <failure type="java.lang.NullPointerException" message="Cannot invoke &amp;quot;org.openqa.selenium.WebDriver.manage()&amp;quot; because &amp;quot;this.driver&amp;quot; is null">
      <![CDATA[java.lang.NullPointerException: Cannot invoke "org.openqa.selenium.WebDriver.manage()" because "this.driver" is null
at com.setup.BaseSteps.openApplication(BaseSteps.java:51)
at com.setup.Hooks.setup(Hooks.java:34)
at java.base/java.util.ArrayList.forEach(ArrayList.java:1511)
at java.base/java.util.concurrent.FutureTask.run(FutureTask.java:264)
at java.base/java.util.concurrent.ThreadPoolExecutor.runWorker(ThreadPoolExecutor.java:1136)
at java.base/java.util.concurrent.ThreadPoolExecutor$Worker.run(ThreadPoolExecutor.java:635)
at java.base/java.lang.Thread.run(Thread.java:840)
... Removed 21 stack frames]]>
    </failure>
  </testcase> <!-- @BeforeMethod setup -->
  <testcase classname="com.setup.Hooks" name="@AfterMethod closure" time="0.0">
    <skipped/>
  </testcase> <!-- @AfterMethod closure -->
  <testcase classname="com.setup.Hooks" name="@BeforeMethod setup" time="0.001">
    <failure type="java.lang.NullPointerException" message="Cannot invoke &amp;quot;org.openqa.selenium.WebDriver.manage()&amp;quot; because &amp;quot;this.driver&amp;quot; is null">
      <![CDATA[java.lang.NullPointerException: Cannot invoke "org.openqa.selenium.WebDriver.manage()" because "this.driver" is null
at com.setup.BaseSteps.openApplication(BaseSteps.java:51)
at com.setup.Hooks.setup(Hooks.java:34)
at java.base/java.util.ArrayList.forEach(ArrayList.java:1511)
at java.base/java.util.concurrent.FutureTask.run(FutureTask.java:264)
at java.base/java.util.concurrent.ThreadPoolExecutor.runWorker(ThreadPoolExecutor.java:1136)
at java.base/java.util.concurrent.ThreadPoolExecutor$Worker.run(ThreadPoolExecutor.java:635)
at java.base/java.lang.Thread.run(Thread.java:840)
... Removed 21 stack frames]]>
    </failure>
  </testcase> <!-- @BeforeMethod setup -->
  <testcase classname="com.setup.Hooks" name="@AfterMethod closure" time="0.0">
    <skipped/>
  </testcase> <!-- @AfterMethod closure -->
  <testcase classname="com.setup.Hooks" name="@BeforeMethod setup" time="0.0">
    <skipped/>
  </testcase> <!-- @BeforeMethod setup -->
  <testcase classname="com.setup.Hooks" name="@AfterMethod closure" time="0.0">
    <skipped/>
  </testcase> <!-- @AfterMethod closure -->
  <testcase classname="com.setup.Hooks" name="@BeforeMethod setup" time="0.0">
    <skipped/>
  </testcase> <!-- @BeforeMethod setup -->
  <testcase classname="com.setup.Hooks" name="@AfterMethod closure" time="0.0">
    <skipped/>
  </testcase> <!-- @AfterMethod closure -->
  <testcase classname="com.setup.Hooks" name="@BeforeMethod setup" time="0.0">
    <skipped/>
  </testcase> <!-- @BeforeMethod setup -->
  <testcase classname="com.setup.Hooks" name="@AfterMethod closure" time="0.0">
    <skipped/>
  </testcase> <!-- @AfterMethod closure -->
  <testcase classname="com.test.ProfileSetting" name="NotificationPreferenceChange" time="0.0">
    <skipped/>
  </testcase> <!-- NotificationPreferenceChange -->
  <testcase classname="com.test.TagBaseSearch" name="SearchBasedOnTags" time="0.0">
    <skipped/>
  </testcase> <!-- SearchBasedOnTags -->
  <testcase classname="com.test.HealthQueriesArticles" name="SearchHealthQueries" time="0.0">
    <skipped/>
  </testcase> <!-- SearchHealthQueries -->
  <testcase classname="com.test.VideoConsult" name="VideoConsultToDoctorPayment" time="0.0">
    <skipped/>
  </testcase> <!-- VideoConsultToDoctorPayment -->
  <testcase classname="com.test.VideoConsult" name="VideoConsultToDoctorPayment" time="0.001">
    <skipped/>
  </testcase> <!-- VideoConsultToDoctorPayment -->
  <testcase classname="com.test.HealthQueriesArticles" name="InvalidSearchHealthQueries" time="0.0">
    <skipped/>
  </testcase> <!-- InvalidSearchHealthQueries -->
  <testcase classname="com.test.ProfileSetting" name="UpdateProfileDetails" time="0.001">
    <skipped/>
  </testcase> <!-- UpdateProfileDetails -->
</testsuite> <!-- ChromeTest -->
