<?xml version="1.0" encoding="UTF-8"?>
<!-- Generated by org.testng.reporters.JUnitXMLReporter -->
<testsuite ignored="0" hostname="LIN-F0P8XC4" failures="1" tests="6" name="EdgeTest" time="133.792" errors="0" timestamp="2026-03-14T16:13:45 IST">
  <testcase classname="com.test.ProfileSetting" name="NotificationPreferenceChange" time="4.346"/>
  <testcase classname="com.test.HealthQueriesArticles" name="SearchHealthQueries" time="10.472"/>
  <testcase classname="com.test.TagBaseSearch" name="SearchHealthQueries" time="13.799"/>
  <testcase classname="com.test.VideoConsult" name="VideoConsultToDoctorPayment" time="25.417">
    <failure type="java.lang.AssertionError" message="Success message text mismatch! expected [true] but found [false]">
      <![CDATA[java.lang.AssertionError: Success message text mismatch! expected [true] but found [false]
at com.test.VideoConsult.VideoConsultToDoctorPayment(VideoConsult.java:51)
at java.base/java.util.ArrayList.forEach(ArrayList.java:1511)
at java.base/java.util.concurrent.FutureTask.run(FutureTask.java:264)
at java.base/java.util.concurrent.ThreadPoolExecutor.runWorker(ThreadPoolExecutor.java:1136)
at java.base/java.util.concurrent.ThreadPoolExecutor$Worker.run(ThreadPoolExecutor.java:635)
at java.base/java.lang.Thread.run(Thread.java:840)
... Removed 20 stack frames]]>
    </failure>
  </testcase> <!-- VideoConsultToDoctorPayment -->
  <testcase classname="com.test.HealthQueriesArticles" name="InvalidSearchHealthQueries" time="9.264"/>
  <testcase classname="com.test.ProfileSetting" name="UpdateProfileDetails" time="9.56"/>
</testsuite> <!-- EdgeTest -->
