<?xml version="1.0" encoding="UTF-8"?>
<!-- Generated by org.testng.reporters.JUnitXMLReporter -->
<testsuite ignored="0" hostname="LIN-F0P8XC4" failures="0" tests="7" name="EdgeTest" time="0.153" errors="0" timestamp="2026-03-16T11:21:23 IST">
  <testcase classname="com.test.ProfileSetting" name="NotificationPreferenceChange" time="0.0">
    <skipped/>
  </testcase> <!-- NotificationPreferenceChange -->
  <testcase classname="com.test.TagBaseSearch" name="SearchBasedOnTags" time="0.0">
    <skipped/>
  </testcase> <!-- SearchBasedOnTags -->
  <testcase classname="com.test.HealthQueriesArticles" name="SearchHealthQueries" time="0.0">
    <skipped/>
  </testcase> <!-- SearchHealthQueries -->
  <testcase classname="com.test.VideoConsult" name="VideoConsultToDoctorPayment" time="0.0">
    <skipped/>
  </testcase> <!-- VideoConsultToDoctorPayment -->
  <testcase classname="com.test.VideoConsult" name="VideoConsultToDoctorPayment" time="0.0">
    <skipped/>
  </testcase> <!-- VideoConsultToDoctorPayment -->
  <testcase classname="com.test.HealthQueriesArticles" name="InvalidSearchHealthQueries" time="0.0">
    <skipped/>
  </testcase> <!-- InvalidSearchHealthQueries -->
  <testcase classname="com.test.ProfileSetting" name="UpdateProfileDetails" time="0.0">
    <skipped/>
  </testcase> <!-- UpdateProfileDetails -->
</testsuite> <!-- EdgeTest -->
